#
# A fatal error has been detected by the Java Runtime Environment:
#
#  EXCEPTION_ACCESS_VIOLATION (0xc0000005) at pc=0x03f4049c, pid=1728, tid=2408
#
# JRE version: 6.0_16-b01
# Java VM: Java HotSpot(TM) Client VM (14.2-b01 mixed mode, sharing windows-x86 )
# Problematic frame:
# C  [CLIPSJNI.dll+0x1049c]
#
# If you would like to submit a bug report, please visit:
#   http://java.sun.com/webapps/bugreport/crash.jsp
# The crash happened outside the Java Virtual Machine in native code.
# See problematic frame for where to report the bug.
#

---------------  T H R E A D  ---------------

Current thread (0x01637800):  JavaThread "Finalizer" daemon [_thread_in_native, id=2408, stack(0x037d0000,0x03820000)]

siginfo: ExceptionCode=0xc0000005, reading address 0x0000005a

Registers:
EAX=0x00349510, EBX=0x2774a350, ECX=0x00000002, EDX=0x00349510
ESP=0x0381f7e0, EBP=0x0381f7ec, ESI=0x2774a350, EDI=0x01637800
EIP=0x03f4049c, EFLAGS=0x00010206

Top of Stack: (sp=0x0381f7e0)
0x0381f7e0:   00349510 01639410 00349510 0381f80c
0x0381f7f0:   03f6077b 04122e10 04122e10 00000001
0x0381f800:   00000043 2774a350 04120b88 0381f818
0x0381f810:   03f413d9 04122e10 0381f858 01709e37
0x0381f820:   01637910 0381f870 04122e10 00000000
0x0381f830:   016380cc fffffffe 0381f838 2774a350
0x0381f840:   0381f870 2774b290 00000000 2774a350
0x0381f850:   00000000 0381f868 0381f894 01702da1 

Instructions: (pc=0x03f4049c)
0x03f4048c:   01 00 00 8b 48 04 51 8b 55 fc 52 8b 45 fc 8b 08
0x03f4049c:   8b 51 58 ff d2 8b 45 08 8b 48 18 8b 91 0c 01 00 


Stack: [0x037d0000,0x03820000],  sp=0x0381f7e0,  free space=317k
Native frames: (J=compiled Java code, j=interpreted, Vv=VM code, C=native code)
C  [CLIPSJNI.dll+0x1049c]
C  [CLIPSJNI.dll+0x3077b]
C  [CLIPSJNI.dll+0x113d9]
j  CLIPSJNI.Environment.destroyEnvironment(J)V+0
j  CLIPSJNI.Environment.finalize()V+5
v  ~StubRoutines::call_stub
V  [jvm.dll+0xecf9c]
V  [jvm.dll+0x1741e1]
V  [jvm.dll+0xed01d]
V  [jvm.dll+0xf5e2f]
V  [jvm.dll+0xf8b24]
C  [java.dll+0x2115]
j  java.lang.ref.Finalizer.runFinalizer()V+45
j  java.lang.ref.Finalizer.access$100(Ljava/lang/ref/Finalizer;)V+1
j  java.lang.ref.Finalizer$FinalizerThread.run()V+11
v  ~StubRoutines::call_stub
V  [jvm.dll+0xecf9c]
V  [jvm.dll+0x1741e1]
V  [jvm.dll+0xed167]
V  [jvm.dll+0xed1dd]
V  [jvm.dll+0x116290]
V  [jvm.dll+0x1d0424]
V  [jvm.dll+0x173e5c]
C  [msvcr71.dll+0x9565]
C  [kernel32.dll+0x53c45]
C  [ntdll.dll+0x637f5]
C  [ntdll.dll+0x637c8]

Java frames: (J=compiled Java code, j=interpreted, Vv=VM code)
j  CLIPSJNI.Environment.destroyEnvironment(J)V+0
j  CLIPSJNI.Environment.finalize()V+5
v  ~StubRoutines::call_stub
j  java.lang.ref.Finalizer.invokeFinalizeMethod(Ljava/lang/Object;)V+0
j  java.lang.ref.Finalizer.runFinalizer()V+45
j  java.lang.ref.Finalizer.access$100(Ljava/lang/ref/Finalizer;)V+1
j  java.lang.ref.Finalizer$FinalizerThread.run()V+11
v  ~StubRoutines::call_stub

---------------  P R O C E S S  ---------------

Java Threads: ( => current thread )
  0x03a19c00 JavaThread "DestroyJavaVM" [_thread_blocked, id=5596, stack(0x00350000,0x003a0000)]
  0x03a19800 JavaThread "AWT-EventQueue-0" [_thread_in_Java, id=4580, stack(0x03ee0000,0x03f30000)]
  0x03a19000 JavaThread "AWT-Windows" daemon [_thread_in_native, id=1020, stack(0x03e90000,0x03ee0000)]
  0x016fe400 JavaThread "AWT-Shutdown" [_thread_blocked, id=5388, stack(0x03e40000,0x03e90000)]
  0x016fbc00 JavaThread "Java2D Disposer" daemon [_thread_blocked, id=864, stack(0x03cb0000,0x03d00000)]
  0x0168ec00 JavaThread "Low Memory Detector" daemon [_thread_blocked, id=4404, stack(0x03910000,0x03960000)]
  0x0167ec00 JavaThread "CompilerThread0" daemon [_thread_blocked, id=5976, stack(0x038c0000,0x03910000)]
  0x0167e400 JavaThread "Attach Listener" daemon [_thread_blocked, id=4120, stack(0x03870000,0x038c0000)]
  0x0167b800 JavaThread "Signal Dispatcher" daemon [_thread_blocked, id=1156, stack(0x03820000,0x03870000)]
=>0x01637800 JavaThread "Finalizer" daemon [_thread_in_native, id=2408, stack(0x037d0000,0x03820000)]
  0x01633000 JavaThread "Reference Handler" daemon [_thread_blocked, id=3528, stack(0x03780000,0x037d0000)]

Other Threads:
  0x01631800 VMThread [stack: 0x03730000,0x03780000] [id=780]
  0x0168f800 WatcherThread [stack: 0x03960000,0x039b0000] [id=1080]

VM state:not at safepoint (normal execution)

VM Mutex/Monitor currently owned by a thread: None

Heap
 def new generation   total 960K, used 212K [0x236f0000, 0x237f0000, 0x23bd0000)
  eden space 896K,  16% used [0x236f0000, 0x23715158, 0x237d0000)
  from space 64K, 100% used [0x237e0000, 0x237f0000, 0x237f0000)
  to   space 64K,   0% used [0x237d0000, 0x237d0000, 0x237e0000)
 tenured generation   total 4096K, used 136K [0x23bd0000, 0x23fd0000, 0x276f0000)
   the space 4096K,   3% used [0x23bd0000, 0x23bf23e0, 0x23bf2400, 0x23fd0000)
 compacting perm gen  total 12288K, used 608K [0x276f0000, 0x282f0000, 0x2b6f0000)
   the space 12288K,   4% used [0x276f0000, 0x27788290, 0x27788400, 0x282f0000)
    ro space 8192K,  67% used [0x2b6f0000, 0x2bc59040, 0x2bc59200, 0x2bef0000)
    rw space 12288K,  54% used [0x2bef0000, 0x2c56d348, 0x2c56d400, 0x2caf0000)

Dynamic libraries:
0x00400000 - 0x00424000 	C:\Program Files\Java\jdk1.6.0_16\bin\java.exe
0x77100000 - 0x7723c000 	C:\Windows\SYSTEM32\ntdll.dll
0x76d20000 - 0x76df4000 	C:\Windows\system32\kernel32.dll
0x75500000 - 0x7554a000 	C:\Windows\system32\KERNELBASE.dll
0x75c10000 - 0x75cb0000 	C:\Windows\system32\ADVAPI32.dll
0x75550000 - 0x755fc000 	C:\Windows\system32\msvcrt.dll
0x77240000 - 0x77259000 	C:\Windows\SYSTEM32\sechost.dll
0x75d70000 - 0x75e11000 	C:\Windows\system32\RPCRT4.dll
0x7c340000 - 0x7c396000 	C:\Program Files\Java\jdk1.6.0_16\jre\bin\msvcr71.dll
0x6d8b0000 - 0x6db3b000 	C:\Program Files\Java\jdk1.6.0_16\jre\bin\client\jvm.dll
0x75f60000 - 0x76029000 	C:\Windows\system32\USER32.dll
0x77260000 - 0x772ae000 	C:\Windows\system32\GDI32.dll
0x75a80000 - 0x75a8a000 	C:\Windows\system32\LPK.dll
0x75e20000 - 0x75ebd000 	C:\Windows\system32\USP10.dll
0x73ad0000 - 0x73b02000 	C:\Windows\system32\WINMM.dll
0x75a60000 - 0x75a7f000 	C:\Windows\system32\IMM32.DLL
0x75a90000 - 0x75b5c000 	C:\Windows\system32\MSCTF.dll
0x751f0000 - 0x7523c000 	C:\Windows\system32\apphelp.dll
0x6d860000 - 0x6d86c000 	C:\Program Files\Java\jdk1.6.0_16\jre\bin\verify.dll
0x6d3e0000 - 0x6d3ff000 	C:\Program Files\Java\jdk1.6.0_16\jre\bin\java.dll
0x6d340000 - 0x6d348000 	C:\Program Files\Java\jdk1.6.0_16\jre\bin\hpi.dll
0x75600000 - 0x75605000 	C:\Windows\system32\PSAPI.DLL
0x6d8a0000 - 0x6d8af000 	C:\Program Files\Java\jdk1.6.0_16\jre\bin\zip.dll
0x6d0b0000 - 0x6d1fa000 	C:\Program Files\Java\jdk1.6.0_16\jre\bin\awt.dll
0x70610000 - 0x70661000 	C:\Windows\system32\WINSPOOL.DRV
0x75610000 - 0x7576c000 	C:\Windows\system32\ole32.dll
0x73b20000 - 0x73cbe000 	C:\Windows\WinSxS\x86_microsoft.windows.common-controls_6595b64144ccf1df_6.0.7601.17514_none_41e6975e2bd6f2b2\comctl32.dll
0x75f00000 - 0x75f57000 	C:\Windows\system32\SHLWAPI.dll
0x73030000 - 0x73043000 	C:\Windows\system32\DWMAPI.DLL
0x73320000 - 0x73360000 	C:\Windows\system32\uxtheme.dll
0x10000000 - 0x10004000 	C:\Program Files\Unlocker\UnlockerHook.dll
0x76030000 - 0x76c7a000 	C:\Windows\system32\SHELL32.dll
0x75150000 - 0x7515c000 	C:\Windows\system32\CRYPTBASE.dll
0x03f30000 - 0x04037000 	C:\Users\ZandyJack\Documents\NetBeansProjects\CS4244\trunk\CLIPSJNI.dll

VM Arguments:
jvm_args: -Dfile.encoding=UTF-8 
java_command: dreamlivingroom.DreamLivingRoomApp
Launcher Type: SUN_STANDARD

Environment Variables:
CLASSPATH=.;C:\Program Files\Java\jre6\lib\ext\QTJava.zip
PATH=C:\Program Files\Common Files\Microsoft Shared\Windows Live;C:\Windows\system32;C:\Windows;C:\Windows\System32\Wbem;C:\Windows\System32\WindowsPowerShell\v1.0\;C:\cygwin\binC:\Program Files\TortoiseSVN\bin;c:\Program Files\Microsoft SQL Server\100\Tools\Binn\;c:\Program Files\Microsoft SQL Server\100\DTS\Binn\;C:\Program Files\Windows Live\Shared;C:\Program Files\OpenLibraries\bin;C:\Program Files\QuickTime\QTSystem\;C:\Program Files\SSH Communications Security\SSH Secure Shell
USERNAME=ZandyJack
OS=Windows_NT
PROCESSOR_IDENTIFIER=x86 Family 6 Model 15 Stepping 10, GenuineIntel



---------------  S Y S T E M  ---------------

OS: Windows 7 Build 7601 Service Pack 1

CPU:total 2 (2 cores per cpu, 1 threads per core) family 6 model 15 stepping 10, cmov, cx8, fxsr, mmx, sse, sse2, sse3, ssse3

Memory: 4k page, physical 2097151k(1350568k free), swap 4194303k(4194303k free)

vm_info: Java HotSpot(TM) Client VM (14.2-b01) for windows-x86 JRE (1.6.0_16-b01), built on Jul 31 2009 11:26:58 by "java_re" with MS VC++ 7.1

time: Thu Feb 24 10:57:45 2011
elapsed time: 0 seconds

