#
# A fatal error has been detected by the Java Runtime Environment:
#
#  EXCEPTION_ACCESS_VIOLATION (0xc0000005) at pc=0x6d8b1117, pid=2292, tid=944
#
# JRE version: 6.0_16-b01
# Java VM: Java HotSpot(TM) Client VM (14.2-b01 mixed mode, sharing windows-x86 )
# Problematic frame:
# V  [jvm.dll+0x1117]
#
# If you would like to submit a bug report, please visit:
#   http://java.sun.com/webapps/bugreport/crash.jsp
# The crash happened outside the Java Virtual Machine in native code.
# See problematic frame for where to report the bug.
#

---------------  T H R E A D  ---------------

Current thread (0x016d4400):  JavaThread "Finalizer" daemon [_thread_in_native, id=944, stack(0x03840000,0x03890000)]

siginfo: ExceptionCode=0xc0000005, writing address 0x00000140

Registers:
EAX=0x0000dead, EBX=0x27749760, ECX=0x00569400, EDX=0x6d9a2300
ESP=0x0388f5b8, EBP=0x0388f5bc, ESI=0x00000000, EDI=0x00000000
EIP=0x6d8b1117, EFLAGS=0x00010246

Top of Stack: (sp=0x0388f5b8)
0x0388f5b8:   27749760 0388f5d8 6d9a2333 00000000
0x0388f5c8:   00000006 016d4400 27749760 27749760
0x0388f5d8:   0388f5ec 03fc04a1 00569510 0171aeb4
0x0388f5e8:   00569510 0388f60c 03fe077b 041e2e10
0x0388f5f8:   041e2e10 00000001 00000043 27749760
0x0388f608:   041e0b88 0388f618 03fc13d9 041e2e10
0x0388f618:   0388f658 017a9e37 016d4510 0388f670
0x0388f628:   041e2e10 00000000 016d4ae4 fffffffe 

Instructions: (pc=0x6d8b1117)
0x6d8b1107:   01 00 00 5e 5d c3 cc cc cc 55 8b ec 56 8b 75 08
0x6d8b1117:   c7 86 40 01 00 00 05 00 00 00 83 3d 20 14 b0 6d 


Stack: [0x03840000,0x03890000],  sp=0x0388f5b8,  free space=317k
Native frames: (J=compiled Java code, j=interpreted, Vv=VM code, C=native code)
V  [jvm.dll+0x1117]
V  [jvm.dll+0xf2333]
C  [CLIPSJNI.dll+0x104a1]
C  [CLIPSJNI.dll+0x3077b]
C  [CLIPSJNI.dll+0x113d9]
j  CLIPSJNI.Environment.destroyEnvironment(J)V+0
j  CLIPSJNI.Environment.finalize()V+5
v  ~StubRoutines::call_stub
V  [jvm.dll+0xecf9c]
V  [jvm.dll+0x1741e1]
V  [jvm.dll+0xed01d]
V  [jvm.dll+0xf5e2f]
V  [jvm.dll+0xf8b24]
C  [java.dll+0x2115]
j  java.lang.ref.Finalizer.runFinalizer()V+45
j  java.lang.ref.Finalizer.access$100(Ljava/lang/ref/Finalizer;)V+1
j  java.lang.ref.Finalizer$FinalizerThread.run()V+11
v  ~StubRoutines::call_stub
V  [jvm.dll+0xecf9c]
V  [jvm.dll+0x1741e1]
V  [jvm.dll+0xed167]
V  [jvm.dll+0xed1dd]
V  [jvm.dll+0x116290]
V  [jvm.dll+0x1d0424]
V  [jvm.dll+0x173e5c]
C  [msvcr71.dll+0x9565]
C  [kernel32.dll+0x53c45]
C  [ntdll.dll+0x637f5]
C  [ntdll.dll+0x637c8]

Java frames: (J=compiled Java code, j=interpreted, Vv=VM code)
j  CLIPSJNI.Environment.destroyEnvironment(J)V+0
j  CLIPSJNI.Environment.finalize()V+5
v  ~StubRoutines::call_stub
j  java.lang.ref.Finalizer.invokeFinalizeMethod(Ljava/lang/Object;)V+0
j  java.lang.ref.Finalizer.runFinalizer()V+45
j  java.lang.ref.Finalizer.access$100(Ljava/lang/ref/Finalizer;)V+1
j  java.lang.ref.Finalizer$FinalizerThread.run()V+11
v  ~StubRoutines::call_stub

---------------  P R O C E S S  ---------------

Java Threads: ( => current thread )
  0x0179e800 JavaThread "DestroyJavaVM" [_thread_blocked, id=5132, stack(0x00150000,0x001a0000)]
  0x0179d400 JavaThread "AWT-EventQueue-0" [_thread_in_vm, id=2648, stack(0x03ef0000,0x03f40000)]
  0x0179cc00 JavaThread "AWT-Windows" daemon [_thread_in_native, id=2088, stack(0x03ea0000,0x03ef0000)]
  0x0179c400 JavaThread "AWT-Shutdown" [_thread_blocked, id=5588, stack(0x03b30000,0x03b80000)]
  0x0179a000 JavaThread "Java2D Disposer" daemon [_thread_blocked, id=3744, stack(0x03ae0000,0x03b30000)]
  0x0172e800 JavaThread "Low Memory Detector" daemon [_thread_blocked, id=5696, stack(0x03980000,0x039d0000)]
  0x0171e800 JavaThread "CompilerThread0" daemon [_thread_blocked, id=3740, stack(0x03930000,0x03980000)]
  0x0171e000 JavaThread "Attach Listener" daemon [_thread_blocked, id=5924, stack(0x038e0000,0x03930000)]
  0x0171b400 JavaThread "Signal Dispatcher" daemon [_thread_blocked, id=4520, stack(0x03890000,0x038e0000)]
=>0x016d4400 JavaThread "Finalizer" daemon [_thread_in_native, id=944, stack(0x03840000,0x03890000)]
  0x016d3000 JavaThread "Reference Handler" daemon [_thread_blocked, id=3688, stack(0x037f0000,0x03840000)]

Other Threads:
  0x016d1800 VMThread [stack: 0x037a0000,0x037f0000] [id=4868]
  0x0172f800 WatcherThread [stack: 0x039d0000,0x03a20000] [id=1988]

VM state:not at safepoint (normal execution)

VM Mutex/Monitor currently owned by a thread: None

Heap
 def new generation   total 960K, used 93K [0x236f0000, 0x237f0000, 0x23bd0000)
  eden space 896K,   3% used [0x236f0000, 0x236f7438, 0x237d0000)
  from space 64K, 100% used [0x237e0000, 0x237f0000, 0x237f0000)
  to   space 64K,   0% used [0x237d0000, 0x237d0000, 0x237e0000)
 tenured generation   total 4096K, used 138K [0x23bd0000, 0x23fd0000, 0x276f0000)
   the space 4096K,   3% used [0x23bd0000, 0x23bf2a60, 0x23bf2c00, 0x23fd0000)
 compacting perm gen  total 12288K, used 473K [0x276f0000, 0x282f0000, 0x2b6f0000)
   the space 12288K,   3% used [0x276f0000, 0x27766530, 0x27766600, 0x282f0000)
    ro space 8192K,  67% used [0x2b6f0000, 0x2bc59040, 0x2bc59200, 0x2bef0000)
    rw space 12288K,  54% used [0x2bef0000, 0x2c56d348, 0x2c56d400, 0x2caf0000)

Dynamic libraries:
0x00400000 - 0x00424000 	C:\Program Files\Java\jdk1.6.0_16\bin\java.exe
0x77100000 - 0x7723c000 	C:\Windows\SYSTEM32\ntdll.dll
0x76d20000 - 0x76df4000 	C:\Windows\system32\kernel32.dll
0x75500000 - 0x7554a000 	C:\Windows\system32\KERNELBASE.dll
0x75c10000 - 0x75cb0000 	C:\Windows\system32\ADVAPI32.dll
0x75550000 - 0x755fc000 	C:\Windows\system32\msvcrt.dll
0x77240000 - 0x77259000 	C:\Windows\SYSTEM32\sechost.dll
0x75d70000 - 0x75e11000 	C:\Windows\system32\RPCRT4.dll
0x7c340000 - 0x7c396000 	C:\Program Files\Java\jdk1.6.0_16\jre\bin\msvcr71.dll
0x6d8b0000 - 0x6db3b000 	C:\Program Files\Java\jdk1.6.0_16\jre\bin\client\jvm.dll
0x75f60000 - 0x76029000 	C:\Windows\system32\USER32.dll
0x77260000 - 0x772ae000 	C:\Windows\system32\GDI32.dll
0x75a80000 - 0x75a8a000 	C:\Windows\system32\LPK.dll
0x75e20000 - 0x75ebd000 	C:\Windows\system32\USP10.dll
0x73ad0000 - 0x73b02000 	C:\Windows\system32\WINMM.dll
0x75a60000 - 0x75a7f000 	C:\Windows\system32\IMM32.DLL
0x75a90000 - 0x75b5c000 	C:\Windows\system32\MSCTF.dll
0x751f0000 - 0x7523c000 	C:\Windows\system32\apphelp.dll
0x6d860000 - 0x6d86c000 	C:\Program Files\Java\jdk1.6.0_16\jre\bin\verify.dll
0x6d3e0000 - 0x6d3ff000 	C:\Program Files\Java\jdk1.6.0_16\jre\bin\java.dll
0x6d340000 - 0x6d348000 	C:\Program Files\Java\jdk1.6.0_16\jre\bin\hpi.dll
0x75600000 - 0x75605000 	C:\Windows\system32\PSAPI.DLL
0x6d8a0000 - 0x6d8af000 	C:\Program Files\Java\jdk1.6.0_16\jre\bin\zip.dll
0x6d0b0000 - 0x6d1fa000 	C:\Program Files\Java\jdk1.6.0_16\jre\bin\awt.dll
0x70610000 - 0x70661000 	C:\Windows\system32\WINSPOOL.DRV
0x75610000 - 0x7576c000 	C:\Windows\system32\ole32.dll
0x73b20000 - 0x73cbe000 	C:\Windows\WinSxS\x86_microsoft.windows.common-controls_6595b64144ccf1df_6.0.7601.17514_none_41e6975e2bd6f2b2\comctl32.dll
0x75f00000 - 0x75f57000 	C:\Windows\system32\SHLWAPI.dll
0x73030000 - 0x73043000 	C:\Windows\system32\DWMAPI.DLL
0x73320000 - 0x73360000 	C:\Windows\system32\uxtheme.dll
0x10000000 - 0x10004000 	C:\Program Files\Unlocker\UnlockerHook.dll
0x76030000 - 0x76c7a000 	C:\Windows\system32\SHELL32.dll
0x75150000 - 0x7515c000 	C:\Windows\system32\CRYPTBASE.dll
0x03fb0000 - 0x040b7000 	C:\Users\ZandyJack\Documents\NetBeansProjects\CS4244\trunk\CLIPSJNI.dll

VM Arguments:
jvm_args: -Dfile.encoding=UTF-8 
java_command: dreamlivingroom.DreamLivingRoomApp
Launcher Type: SUN_STANDARD

Environment Variables:
CLASSPATH=.;C:\Program Files\Java\jre6\lib\ext\QTJava.zip
PATH=C:\Program Files\Common Files\Microsoft Shared\Windows Live;C:\Windows\system32;C:\Windows;C:\Windows\System32\Wbem;C:\Windows\System32\WindowsPowerShell\v1.0\;C:\cygwin\binC:\Program Files\TortoiseSVN\bin;c:\Program Files\Microsoft SQL Server\100\Tools\Binn\;c:\Program Files\Microsoft SQL Server\100\DTS\Binn\;C:\Program Files\Windows Live\Shared;C:\Program Files\OpenLibraries\bin;C:\Program Files\QuickTime\QTSystem\;C:\Program Files\SSH Communications Security\SSH Secure Shell
USERNAME=ZandyJack
OS=Windows_NT
PROCESSOR_IDENTIFIER=x86 Family 6 Model 15 Stepping 10, GenuineIntel



---------------  S Y S T E M  ---------------

OS: Windows 7 Build 7601 Service Pack 1

CPU:total 2 (2 cores per cpu, 1 threads per core) family 6 model 15 stepping 10, cmov, cx8, fxsr, mmx, sse, sse2, sse3, ssse3

Memory: 4k page, physical 2097151k(1506604k free), swap 4194303k(4194303k free)

vm_info: Java HotSpot(TM) Client VM (14.2-b01) for windows-x86 JRE (1.6.0_16-b01), built on Jul 31 2009 11:26:58 by "java_re" with MS VC++ 7.1

time: Thu Feb 24 10:08:01 2011
elapsed time: 0 seconds

